Base path: /Applications/Unity45/Unity45.app/Contents
Pipe name: \\.\pipe\UnityShaderCompiler-1--1587879512
Cmd: getPlatforms
Cmd: compileSnippet
  api=0 type=0 insize=1960 outsize=809 kw=LIGHTMAP_ON ok=1
Cmd: compileSnippet
  api=0 type=1 insize=1960 outsize=835 kw=LIGHTMAP_ON ok=1
Cmd: compileSnippet
  api=0 type=0 insize=2053 outsize=1311 kw=LIGHTMAP_ON ok=1
Cmd: compileSnippet
  api=0 type=1 insize=2053 outsize=892 kw=LIGHTMAP_ON ok=1
Cmd: compileSnippet
  api=0 type=0 insize=2152 outsize=1306 kw=LIGHTMAP_ON ok=1
Cmd: compileSnippet
  api=0 type=1 insize=2152 outsize=939 kw=LIGHTMAP_ON ok=1
Cmd: compileSnippet
  api=0 type=0 insize=1846 outsize=1306 kw= ok=1
Cmd: compileSnippet
  api=0 type=1 insize=1846 outsize=909 kw= ok=1
Cmd: compileSnippet
  api=0 type=0 insize=2756 outsize=2058 kw= ok=1
Cmd: compileSnippet
  api=0 type=1 insize=2756 outsize=813 kw= ok=1
Cmd: compileSnippet
  api=0 type=0 insize=2697 outsize=2058 kw= ok=1
Cmd: compileSnippet
  api=0 type=1 insize=2697 outsize=852 kw= ok=1
Cmd: compileSnippet
  api=0 type=0 insize=788 outsize=365 kw= ok=1
Cmd: compileSnippet
  api=0 type=1 insize=788 outsize=180 kw= ok=1
Cmd: compileSnippet
  api=0 type=0 insize=1984 outsize=1311 kw=LIGHTMAP_ON ok=1
Cmd: compileSnippet
  api=0 type=1 insize=1984 outsize=844 kw=LIGHTMAP_ON ok=1
Cmd: compileSnippet
  api=0 type=0 insize=810 outsize=418 kw= ok=1
Cmd: compileSnippet
  api=0 type=1 insize=810 outsize=133 kw= ok=1
Cmd: compileSnippet
  api=0 type=0 insize=715 outsize=328 kw= ok=1
Cmd: compileSnippet
  api=0 type=1 insize=715 outsize=133 kw= ok=1
Cmd: compileSnippet
  api=0 type=0 insize=795 outsize=365 kw= ok=1
Cmd: compileSnippet
  api=0 type=1 insize=795 outsize=195 kw= ok=1
Cmd: compileSnippet
  api=0 type=0 insize=1099 outsize=698 kw= ok=1
Cmd: compileSnippet
  api=0 type=1 insize=1099 outsize=176 kw= ok=1
Cmd: compileSnippet
  api=0 type=0 insize=914 outsize=437 kw= ok=1
Cmd: compileSnippet
  api=0 type=1 insize=914 outsize=218 kw= ok=1
Cmd: compileSnippet
  api=0 type=0 insize=3978 outsize=609 kw= ok=1
Cmd: compileSnippet
  api=0 type=1 insize=3978 outsize=487 kw= ok=1
Cmd: compileSnippet
  api=0 type=0 insize=3997 outsize=610 kw= ok=1
Cmd: compileSnippet
  api=0 type=1 insize=3997 outsize=402 kw= ok=1
Cmd: compileSnippet
  api=0 type=0 insize=3999 outsize=610 kw= ok=1
Cmd: compileSnippet
  api=0 type=1 insize=3999 outsize=402 kw= ok=1
Cmd: compileSnippet
  api=0 type=0 insize=3994 outsize=330 kw= ok=1
Cmd: compileSnippet
  api=0 type=1 insize=3994 outsize=414 kw= ok=1
Cmd: compileSnippet
  api=0 type=0 insize=1413 outsize=372 kw= ok=1
Cmd: compileSnippet
  api=0 type=1 insize=1413 outsize=376 kw= ok=1
Cmd: compileSnippet
  api=0 type=0 insize=2001 outsize=1392 kw= ok=1
Cmd: compileSnippet
  api=0 type=1 insize=2001 outsize=915 kw= ok=1
Cmd: compileSnippet
  api=0 type=0 insize=1118 outsize=432 kw=LIGHTMAP_ON ok=1
Cmd: compileSnippet
  api=0 type=1 insize=1118 outsize=311 kw=LIGHTMAP_ON ok=1
Cmd: compileSnippet
  api=0 type=0 insize=1106 outsize=500 kw= ok=1
Cmd: compileSnippet
  api=0 type=1 insize=1106 outsize=213 kw= ok=1
Cmd: compileSnippet
  api=0 type=0 insize=749 outsize=328 kw= ok=1
Cmd: compileSnippet
  api=0 type=1 insize=749 outsize=195 kw= ok=1
Cmd: compileSnippet
  api=0 type=0 insize=1053 outsize=483 kw= ok=1
Cmd: compileSnippet
  api=0 type=1 insize=1053 outsize=213 kw= ok=1
Cmd: compileSnippet
  api=0 type=0 insize=2152 outsize=1240 kw=LIGHTMAP_OFF ok=1
Cmd: compileSnippet
  api=0 type=1 insize=2152 outsize=813 kw=LIGHTMAP_OFF ok=1
Cmd: compileSnippet
  api=0 type=0 insize=2053 outsize=1264 kw=LIGHTMAP_OFF ok=1
Cmd: compileSnippet
  api=0 type=1 insize=2053 outsize=768 kw=LIGHTMAP_OFF ok=1
Cmd: compileSnippet
  api=0 type=0 insize=864 outsize=406 kw= ok=1
Cmd: compileSnippet
  api=0 type=1 insize=864 outsize=178 kw= ok=1
Cmd: compileSnippet
  api=0 type=0 insize=1984 outsize=1264 kw=LIGHTMAP_OFF ok=1
Cmd: compileSnippet
  api=0 type=1 insize=1984 outsize=753 kw=LIGHTMAP_OFF ok=1
Cmd: compileSnippet
  api=0 type=0 insize=824 outsize=386 kw= ok=1
Cmd: compileSnippet
  api=0 type=1 insize=824 outsize=178 kw= ok=1
Cmd: compileSnippet
  api=0 type=0 insize=761 outsize=365 kw= ok=1
Cmd: compileSnippet
  api=0 type=1 insize=761 outsize=133 kw= ok=1
Cmd: compileSnippet
  api=0 type=0 insize=1445 outsize=649 kw= ok=1
Cmd: compileSnippet
  api=0 type=1 insize=1445 outsize=386 kw= ok=1
Cmd: compileSnippet
  api=0 type=0 insize=1189 outsize=470 kw= ok=1
Cmd: compileSnippet
  api=0 type=1 insize=1189 outsize=389 kw= ok=1
Cmd: compileSnippet
  api=0 type=0 insize=1960 outsize=743 kw=LIGHTMAP_OFF ok=1
Cmd: compileSnippet
  api=0 type=1 insize=1960 outsize=701 kw=LIGHTMAP_OFF ok=1
Cmd: compileSnippet
  api=0 type=0 insize=1118 outsize=432 kw=LIGHTMAP_OFF ok=1
Cmd: compileSnippet
  api=0 type=1 insize=1118 outsize=223 kw=LIGHTMAP_OFF ok=1
